C51 COMPILER V9.60.7.0   MAIN                                                              12/27/2024 21:30:34 PAGE 1   


C51 COMPILER V9.60.7.0, COMPILATION OF MODULE MAIN
OBJECT MODULE PLACED IN .\Objects\main.obj
COMPILER INVOKED BY: D:\app\Keil_v5\C51\BIN\C51.EXE main.c OPTIMIZE(8,SPEED) BROWSE DEBUG OBJECTEXTEND PRINT(.\Listings\
                    -main.lst) OBJECT(.\Objects\main.obj)

line level    source

   1          #include <REGX52.H>
   2          #include "Delay.h"
   3          #include "Timer.h"
   4          #include "TrafficLights.h"
   5          #include "Nixie.h"
   6          #include "Key.h"
   7          #include "LED.h"
   8          
   9          unsigned char Green_Time1=30,Green_Time2=30;
  10           
  11          
  12          unsigned char count=0,Num=0,ldelay=0,choseMode=0;
  13          unsigned char ModeChose =1,qiehuan=0;
  14          
  15          
  16          void main(){
  17   1              
  18   1              TimerInit();
  19   1      
  20   1              while(1){
  21   2                      if(P3_7==0){Delay(20);while(P3_7==0);Delay(20);qiehuan=!qiehuan;ldelay=1;}
  22   2                      if(ldelay==1){
  23   3                              Num=0;
  24   3      
  25   3                              
  26   3                              if(qiehuan==0){
  27   4                                      
  28   4                                      Twonixie1(Green_Time1);
  29   4                                      Twonixie2(Green_Time1+3);
  30   4                                      
  31   4                                      Green1_ON();
  32   4                                      Red2_ON();
  33   4                                      
  34   4                                      Green2_OFF();
  35   4                                      Red1_OFF();
  36   4                                      Yellow1_OFF();
  37   4                                      Yellow2_OFF();
  38   4                                      
  39   4                                      if(P1_2==0){
  40   5                                              Delay(20);while(P1_2==0);Delay(20);
  41   5                                              Green_Time1--;
  42   5                                      
  43   5                                      }
  44   4                                      if(P1_3==0){                    
  45   5                                              Delay(20);while(P1_3==0);Delay(20);
  46   5                                              Green_Time1++;          
  47   5                                      }
  48   4                              }       
  49   3      
  50   3                              if(qiehuan==1){
  51   4                                      
  52   4                                      Twonixie1(Green_Time2+3);
  53   4                                      Twonixie2(Green_Time2);
  54   4                                      
C51 COMPILER V9.60.7.0   MAIN                                                              12/27/2024 21:30:34 PAGE 2   

  55   4                                      Green2_ON();
  56   4                                      Red1_ON();
  57   4                                      
  58   4                                      Green1_OFF();
  59   4                                      Red2_OFF();
  60   4                                      Yellow1_OFF();
  61   4                                      Yellow2_OFF();
  62   4                                      
  63   4                                      if(P1_2==0){
  64   5                                      
  65   5                                              Delay(20);while(P1_2==0);Delay(20);
  66   5                                              Green_Time2--;
  67   5                                      
  68   5                                      }
  69   4                                      if(P1_3==0){
  70   5                                              
  71   5                                              Delay(20);while(P1_3==0);Delay(20);
  72   5                                              Green_Time2++;
  73   5                                              
  74   5                                      }
  75   4                              }
  76   3                                      
  77   3                      }
  78   2                      else if(ldelay==0){
  79   3                              Countdown(Green_Time1,Green_Time2);
  80   3                      }               
  81   2              }       
  82   1      }
  83          
  84          
  85          timer () interrupt 1{
  86   1              ModeChose=Key();
  87   1              count++;
  88   1              if(count==20)
  89   1              {
  90   2                      count=0;
  91   2                      Num++;  
  92   2                      
  93   2              }
  94   1              switch(ModeChose){
  95   2                      case 1:DayMode(&Green_Time1,&Green_Time2);
  96   2                              break;
  97   2                      case 0:NightMode();
  98   2                              break;
  99   2                      case 2:Long_Green1();
 100   2                              break;
 101   2                      case 3:Long_Green2();
 102   2                              break;
 103   2      
 104   2              }
 105   1      
 106   1              TH0=15536/256;
 107   1              TL0=15536%256;
 108   1      }
 109          
 110          
 111          Day_or_Night() interrupt 0{     
 112   1              if(P3_2==0){
 113   2              // 夜间/白天模式
 114   2                      ModeChose=!ModeChose;
 115   2                      ldelay=0;
 116   2              }
C51 COMPILER V9.60.7.0   MAIN                                                              12/27/2024 21:30:34 PAGE 3   

 117   1              
 118   1      }
 119          


MODULE INFORMATION:   STATIC OVERLAYABLE
   CODE SIZE        =    396    ----
   CONSTANT SIZE    =   ----    ----
   XDATA SIZE       =   ----    ----
   PDATA SIZE       =   ----    ----
   DATA SIZE        =      8    ----
   IDATA SIZE       =   ----    ----
   BIT SIZE         =   ----    ----
END OF MODULE INFORMATION.


C51 COMPILATION COMPLETE.  0 WARNING(S),  0 ERROR(S)
