C51 COMPILER V9.60.7.0   NIXIE                                                             12/27/2024 21:30:34 PAGE 1   


C51 COMPILER V9.60.7.0, COMPILATION OF MODULE NIXIE
OBJECT MODULE PLACED IN .\Objects\Nixie.obj
COMPILER INVOKED BY: D:\app\Keil_v5\C51\BIN\C51.EXE Nixie.c OPTIMIZE(8,SPEED) BROWSE DEBUG OBJECTEXTEND PRINT(.\Listings
                    -\Nixie.lst) OBJECT(.\Objects\Nixie.obj)

line level    source

   1          #include <REGX52.H>
   2          #include "Delay.h"
   3          //共阳不带小数点0-F段码为：
   4          unsigned char Digital_tube[]={0xc0,0xf9,0xa4,0xb0,0x99,0x92,0x82,0xf8,
   5          0x80,0x90,0x88,0x83,0xc6,0xa1,0x86,0x8e};
   6          
   7          
   8          void nixie1(unsigned char location,unsigned char  number) {
   9   1              switch (location) {
  10   2                      case 11:
  11   2                              P1_5 = 0;
  12   2                              P1_4 = 1;
  13   2                              P1_6 = 0;
  14   2                              P1_7 = 0;
  15   2                              break;
  16   2                      case 12:
  17   2                              P1_5 = 1;
  18   2                              P1_4 = 0;
  19   2                              P1_6 = 0;
  20   2                              P1_7 = 0;                       
  21   2                              break;
  22   2                              
  23   2                      case 21:
  24   2                              P1_4 = 0;
  25   2                              P1_5 = 0;
  26   2                              P1_6 = 0;
  27   2                              P1_7 = 1;
  28   2                              break;
  29   2                      case 22:
  30   2                              P1_4 = 0;
  31   2                              P1_5 = 0;
  32   2                              P1_6 = 1;
  33   2                              P1_7 = 0;       
  34   2                              break;  
  35   2              }
  36   1              P0 = Digital_tube[number];
  37   1              Delay(1);
  38   1              P0=0xff;
  39   1      }
  40          
  41          void Twonixie1(unsigned char  number){
  42   1              nixie1(11,number%10);
  43   1              nixie1(12,number/10);
  44   1      }
  45          
  46          //void nixie2(unsigned char location,unsigned char  number) {
  47          //      switch (location) {
  48          //              case 1:
  49          //                      P3_6 = 0;
  50          //                      P3_7 = 1;
  51          //                      break;
  52          //              case 2:
  53          //                      P3_6 = 1;
  54          //                      P3_7 = 0;       
C51 COMPILER V9.60.7.0   NIXIE                                                             12/27/2024 21:30:34 PAGE 2   

  55          //                      break;  
  56          //      }
  57          //      P0 = Digital_tube[number];
  58          //      Delay(1);
  59          //      P1=0xff;
  60          //}
  61          
  62          void Twonixie2(unsigned char  number){
  63   1              nixie1(21,number%10);
  64   1              nixie1(22,number/10);
  65   1      }


MODULE INFORMATION:   STATIC OVERLAYABLE
   CODE SIZE        =    116    ----
   CONSTANT SIZE    =   ----    ----
   XDATA SIZE       =   ----    ----
   PDATA SIZE       =   ----    ----
   DATA SIZE        =     16       2
   IDATA SIZE       =   ----    ----
   BIT SIZE         =   ----    ----
END OF MODULE INFORMATION.


C51 COMPILATION COMPLETE.  0 WARNING(S),  0 ERROR(S)
