C51 COMPILER V9.60.7.0   TRAFFICLIGHTS                                                     12/25/2024 14:21:18 PAGE 1   


C51 COMPILER V9.60.7.0, COMPILATION OF MODULE TRAFFICLIGHTS
OBJECT MODULE PLACED IN .\Objects\TrafficLights.obj
COMPILER INVOKED BY: D:\app\Keil_v5\C51\BIN\C51.EXE TrafficLights.c OPTIMIZE(8,SPEED) BROWSE DEBUG OBJECTEXTEND PRINT(.\
                    -Listings\TrafficLights.lst) OBJECT(.\Objects\TrafficLights.obj)

line level    source

   1          #include "LED.h"
   2          #include "Nixie.h"
   3          #include "Delay.h"
   4          
   5          extern unsigned char Num;
   6          unsigned char Yellow_Time=3;
   7          
   8          void Countdown(unsigned char Green_Time1,unsigned char Green_Time2){
   9   1              
  10   1              if(Num<Green_Time1)
  11   1              {
  12   2                      //1方向的绿灯
  13   2                      Twonixie1(Green_Time1-Num);
  14   2                                      
  15   2                      Twonixie2(Green_Time1+Yellow_Time-Num);//2红灯
  16   2              }
  17   1              else if(Num>=Green_Time1&&Num<(Green_Time1+Yellow_Time))
  18   1              {
  19   2                      //1方向的黄灯变为红灯           
  20   2                      Twonixie1((Green_Time1+Yellow_Time)-Num);//1黄灯
  21   2                      //2方向的红灯变为绿灯
  22   2                      Twonixie2(Green_Time1+Yellow_Time-Num);//2红灯
  23   2                      
  24   2              }
  25   1              if(Num>=(Green_Time1+Yellow_Time)&&Num<(Green_Time2+Green_Time1+Yellow_Time))
  26   1              {
  27   2                      Twonixie1((Green_Time1+Yellow_Time+Green_Time2+Yellow_Time)-Num);//1红灯
  28   2                      Twonixie2((Green_Time2+Yellow_Time+Green_Time1)-Num);//2绿灯
  29   2                              
  30   2              }
  31   1              if(Num>=(Green_Time1+Yellow_Time+Green_Time2)&&Num<(Green_Time1+Yellow_Time*2+Green_Time2))
  32   1              {
  33   2                      //2方向的绿灯变为红灯
  34   2                      
  35   2                      //1方向的红灯变为绿灯
  36   2                      Twonixie1((Green_Time1+Yellow_Time*2+Green_Time2)-Num);//1红灯
  37   2                      
  38   2                      Twonixie2((Green_Time1+Yellow_Time*2+Green_Time2)-Num);//2黄灯
  39   2                      
  40   2              }
  41   1      }
  42          
  43          
  44          
  45          void DayMode(unsigned char *green_Time1,unsigned char *green_Time2){
  46   1              unsigned char Green_Time1=*green_Time1,Green_Time2=*green_Time2;
  47   1              if((Num-1)==0){
  48   2                      //初始化1方向为绿灯，2方向为红灯
  49   2                      Green1_ON();
  50   2                      Green2_OFF();
  51   2                      Red2_ON();
  52   2                      Red1_OFF();
  53   2                      
  54   2                      Yellow1_OFF();
C51 COMPILER V9.60.7.0   TRAFFICLIGHTS                                                     12/25/2024 14:21:18 PAGE 2   

  55   2                      Yellow2_OFF();
  56   2      //              Red_Time=red_Time,Green_Time=green_Time,Yellow_Time=yellow_Time;
  57   2              }
  58   1      //      if(Num==Green_Time)
  59   1      //      {
  60   1      //              //1方向的绿灯变为黄灯
  61   1      //              Green1_OFF();
  62   1      
  63   1      //      }
  64   1      //      
  65   1              if(Green_Time1<=Num&&Num<= (Green_Time1+Yellow_Time)){
  66   2                      //1方向的绿灯变为黄灯
  67   2                      Green1_OFF();
  68   2                      Yellow1_Flash();
  69   2              }
  70   1              
  71   1              if(Num==(Green_Time1+Yellow_Time))
  72   1              {
  73   2                      //1方向的黄灯变为红灯
  74   2                      Yellow1_OFF();
  75   2                      Red1_ON();
  76   2                      //2方向的红灯变为绿灯
  77   2                      Red2_OFF();
  78   2                      Green2_ON();
  79   2                      
  80   2              }
  81   1      //      if(Num==(Green_Time+Yellow_Time+Red_Time))
  82   1      //      {
  83   1      //              //2方向的绿灯变为黄灯
  84   1      //              Green2_OFF();
  85   1      ////            Yellow2_ON();
  86   1      //                      
  87   1      //      }
  88   1              
  89   1              if((Green_Time1+Yellow_Time+Green_Time2)<=Num&&Num<= (Green_Time1+Yellow_Time+Green_Time2+Yellow_Time)){
  90   2                      
  91   2                      //2方向的绿灯变为黄灯
  92   2                      Green2_OFF();
  93   2                      Yellow2_Flash();
  94   2              }
  95   1              
  96   1              if(Num==(Green_Time1+Yellow_Time+Green_Time2+Yellow_Time))
  97   1              {
  98   2      //              //2方向的黄灯变为红灯
  99   2      //              Yellow2_OFF();
 100   2      //              Red2_ON();
 101   2      //              //1方向的红灯变为绿灯
 102   2      //              Red1_OFF();
 103   2      //              Green1_ON();            
 104   2                      Num =0;
 105   2              }
 106   1      }
 107          
 108          
 109          void NightMode(void){
 110   1              Num=0;
 111   1              Red1_OFF();
 112   1              Red2_OFF();
 113   1              Green1_OFF();
 114   1              Green2_OFF();
 115   1              Yellow2_Flash();
 116   1              Yellow1_Flash();
C51 COMPILER V9.60.7.0   TRAFFICLIGHTS                                                     12/25/2024 14:21:18 PAGE 3   

 117   1      }
 118          
 119          // 1方向常绿
 120          void Long_Green1(void){
 121   1              Num=0;
 122   1              Green1_ON();
 123   1              Red2_ON();      
 124   1              
 125   1              Red1_OFF();
 126   1              Green2_OFF();
 127   1              Yellow2_OFF();
 128   1              Yellow1_OFF();
 129   1      }
 130          
 131          // 2方向常绿
 132          void Long_Green2(void){
 133   1              Num=0;
 134   1              Green2_ON();
 135   1              Red1_ON();      
 136   1              
 137   1              Red2_OFF();
 138   1              Green1_OFF();
 139   1              Yellow2_OFF();
 140   1              Yellow1_OFF();
 141   1      }
 142          
 143          
 144          


MODULE INFORMATION:   STATIC OVERLAYABLE
   CODE SIZE        =    520    ----
   CONSTANT SIZE    =   ----    ----
   XDATA SIZE       =   ----    ----
   PDATA SIZE       =   ----    ----
   DATA SIZE        =      1      10
   IDATA SIZE       =   ----    ----
   BIT SIZE         =   ----    ----
END OF MODULE INFORMATION.


C51 COMPILATION COMPLETE.  0 WARNING(S),  0 ERROR(S)
