C51 COMPILER V9.60.7.0   DELAY                                                             11/19/2024 17:44:14 PAGE 1   


C51 COMPILER V9.60.7.0, COMPILATION OF MODULE DELAY
OBJECT MODULE PLACED IN .\Objects\Delay.obj
COMPILER INVOKED BY: D:\app\Keil_v5\C51\BIN\C51.EXE Delay.c OPTIMIZE(8,SPEED) BROWSE DEBUG OBJECTEXTEND PRINT(.\Listings
                    -\Delay.lst) OBJECT(.\Objects\Delay.obj)

line level    source

   1          
   2          void Delay(unsigned int ms)             //@11.0592MHz
   3          {
   4   1              while(ms){
   5   2                      unsigned char i, j;
   6   2                      i = 2;
   7   2                      j = 199;
   8   2                      do                                     
   9   2                      {
  10   3                              while (--j);
  11   3                      } while (--i);
  12   2                      ms--;
  13   2              }
  14   1                      
  15   1      }


MODULE INFORMATION:   STATIC OVERLAYABLE
   CODE SIZE        =     24    ----
   CONSTANT SIZE    =   ----    ----
   XDATA SIZE       =   ----    ----
   PDATA SIZE       =   ----    ----
   DATA SIZE        =   ----       2
   IDATA SIZE       =   ----    ----
   BIT SIZE         =   ----    ----
END OF MODULE INFORMATION.


C51 COMPILATION COMPLETE.  0 WARNING(S),  0 ERROR(S)
