C51 COMPILER V9.60.7.0   KEY                                                               12/25/2024 18:38:54 PAGE 1   


C51 COMPILER V9.60.7.0, COMPILATION OF MODULE KEY
OBJECT MODULE PLACED IN .\Objects\Key.obj
COMPILER INVOKED BY: D:\app\Keil_v5\C51\BIN\C51.EXE Key.c OPTIMIZE(8,SPEED) BROWSE DEBUG OBJECTEXTEND PRINT(.\Listings\K
                    -ey.lst) OBJECT(.\Objects\Key.obj)

line level    source

   1          #include <REGX52.H>
   2          #include "Delay.h"
   3          #include "LED.h"
   4          #include "Nixie.h"
   5          
   6          /*
   7           * @brief（简介）           获取独立按键键码
   8           * @param（参数）           无
   9           * @retval（返回值）       按下的按键键码，范围1~4，无按键按下时返回值为零
  10           */
  11          
  12          
  13          extern unsigned char ModeChose,ldelay;
  14          
  15          unsigned char Key()
  16          {
  17   1              
  18   1              if(P1_0==0){Delay(20);while(P1_0==0);Delay(20);ModeChose=2;}
  19   1              if(P1_1==0){Delay(20);while(P1_1==0);Delay(20);ModeChose=3;}
  20   1              if(P1_2==0){Delay(20);while(P1_2==0);Delay(20);ModeChose=!ModeChose;ldelay=0;}
  21   1      //      if(P1_3==0){Delay(20);while(P1_3==0);Delay(20);ModeChose=5;}
  22   1      //      if(P3_7==0){Delay(20);while(P3_7==0);Delay(20);ModeChose=4;}
  23   1              return ModeChose;
  24   1      }
  25          
  26          
  27          
  28          //void Time_Adjust(unsigned char *green_Time1,unsigned char *green_Time2,unsigned char qiehuan){
  29          //                                      
  30          //      if(qiehuan==0){
  31          //              
  32          //              Twonixie1(*green_Time1);
  33          //              Twonixie2(*green_Time1+3);
  34          //              
  35          //              Green1_ON();
  36          //              Red2_ON();
  37          //              
  38          //              Green2_OFF();
  39          //              Red1_OFF();
  40          //              Yellow1_OFF();
  41          //              Yellow2_OFF();
  42          //              
  43          //              if(P1_2==0){
  44          //                      Delay(20);while(P1_2==0);Delay(20);
  45          //                      *green_Time1--;
  46          //              
  47          //              }
  48          //              if(P1_3==0){                    
  49          //                      Delay(20);while(P1_3==0);Delay(20);
  50          //                      *green_Time1++;         
  51          //              }
  52          //      }       
  53          
  54          //      if(qiehuan==1){
C51 COMPILER V9.60.7.0   KEY                                                               12/25/2024 18:38:54 PAGE 2   

  55          //              
  56          //              Twonixie1(*green_Time2);
  57          //              Twonixie2(*green_Time2+3);
  58          //              
  59          //              Green2_ON();
  60          //              Red1_ON();
  61          //              
  62          //              Green1_OFF();
  63          //              Red2_OFF();
  64          //              Yellow1_OFF();
  65          //              Yellow2_OFF();
  66          //              
  67          //              if(P1_2==0){
  68          //              
  69          //                      Delay(20);while(P1_2==0);Delay(20);
  70          //                      *green_Time2--;
  71          //              
  72          //              }
  73          //              if(P1_3==0){
  74          //                      
  75          //                      Delay(20);while(P1_3==0);Delay(20);
  76          //                      *green_Time2++;
  77          //                      
  78          //              }
  79          //      }
  80          //                              
  81          //}
  82          


MODULE INFORMATION:   STATIC OVERLAYABLE
   CODE SIZE        =     84    ----
   CONSTANT SIZE    =   ----    ----
   XDATA SIZE       =   ----    ----
   PDATA SIZE       =   ----    ----
   DATA SIZE        =   ----    ----
   IDATA SIZE       =   ----    ----
   BIT SIZE         =   ----    ----
END OF MODULE INFORMATION.


C51 COMPILATION COMPLETE.  0 WARNING(S),  0 ERROR(S)
